<html xmlns:math="http://exslt.org/math" xmlns:testng="http://testng.org">
   <head>
      <title>TestNG Results</title>
      <meta http-equiv="content-type" content="text/html; charset=utf-8"></meta>
      <meta http-equiv="pragma" content="no-cache"></meta>
      <meta http-equiv="cache-control" content="max-age=0"></meta>
      <meta http-equiv="cache-control" content="no-cache"></meta>
      <meta http-equiv="cache-control" content="no-store"></meta>
      <LINK rel="stylesheet" href="style.css"></LINK>
      <script type="text/javascript" src="main.js"></script>
   </head>
   <body>
      <table width="100%" style="font-size: 16px; margin-bottom: 10px;" cellspacing="1">
         <tr>
            <td width="100%">
               All methods in suite
               
               <b>Default suite</b>
            </td>
            <td style="background-color: #FFBBBB; padding: 3px 3px 3px 0;" align="center">
               <div style="width: 50px;">0</div>
            </td>
            <td style="background-color: lightgreen; padding: 3px 3px 3px 0;" align="center">
               <div style="width: 50px;">0</div>
            </td>
            <td style="background-color: #FFFFBB; padding: 3px 3px 3px 0;" align="center">
               <div style="width: 50px;">4</div>
            </td>
            <td align="center" style="background-color: #eaf0f7; padding: 3px 3px 3px 0;">
               <div style="width: 50px;">4</div>
            </td>
            <td align="center"
                style="font-weight: bold; background-color: #eaf0f7; padding: 3px 3px 3px 0;">
               <div style="width: 50px;">0%</div>
            </td>
            <td style="background-color: #eaf0f7; padding: 3px 3px 3px 0;" align="center"
                nowrap="true">4s
               
            </td>
         </tr>
      </table>
      <div style="width: 200px;">
         <label for="groupMethodsCheckBox" style="font-weight: bold; margin: 0;">
            <input id="groupMethodsCheckBox" type="checkbox" onclick="switchTestMethodsView(this)"
                   checked=""></input>
            Group by class
            
         </label>
         <br></br>
         <label for="methodsFilter_ALL" style="font-weight: bold; margin: 0;">
            <input id="methodsFilter_ALL" type="checkbox"
                   onclick="testMethodsFilterChanged(this, 'ALL')"
                   checked=""></input>
            All
            
         </label>
      </div>
      <label for="methodsFilter_FAIL" style="margin-left: 20px;">
         <input id="methodsFilter_FAIL" type="checkbox"
                onclick="testMethodsFilterChanged(this, 'FAIL')"
                checked=""></input>
         Failed
         
      </label>
      <label for="methodsFilter_PASS">
         <input id="methodsFilter_PASS" type="checkbox"
                onclick="testMethodsFilterChanged(this, 'PASS')"
                checked=""></input>
         Passed
         
      </label>
      <label for="methodsFilter_SKIP">
         <input id="methodsFilter_SKIP" type="checkbox"
                onclick="testMethodsFilterChanged(this, 'SKIP')"
                checked=""></input>
         Skipped
         
      </label>
      <label for="methodsFilter_CONF">
         <input id="methodsFilter_CONF" type="checkbox"
                onclick="testMethodsFilterChanged(this, 'CONF')"
                checked=""></input>
         Config
         
      </label>
      <br></br>
      <div id="testMethodsByStatus" style="display: none;">
         <table class="testMethodsTable" cellpadding="0" cellspacing="0">
            <tr class="methodsTableHeader">
               <td width="100%">Name</td>
               <td nowrap="true">Started</td>
               <td nowrap="true">Duration</td>
               <td>Exception</td>
            </tr>
            <tr id="testngpkg.ClassTestng_setup_byStatus_failed_FAIL1_row"
                class="testMethodStatusFAIL testMethodStatusCONF">
               <td width="100%" class="firstMethodCell">
                  <a onclick="toggleDetailsVisibility('testngpkg.ClassTestng_setup_byStatus_failed_FAIL1_details')">setup()</a>
               </td>
               <td nowrap="true">16:18:16</td>
               <td nowrap="true" align="right">4s
                  
               </td>
               <td nowrap="true">
                  <a onclick="toggleDetailsVisibility('testngpkg.ClassTestng_setup_byStatus_failed_FAIL1_exception')">org.openqa.selenium.SessionNotCreatedException: 
                     Could not start a new session. Response code 500. Message: session not created: This version of ChromeDriver only supports
                     Chrome version 114
                     Current browser version is 127.0.6533.100 with binary path C:\Program Files\Google\Chrome\Application\chrome.exe 
                     Host info: host: 'SANTOSHI', ip: '192.168.31.22'
                     Build info: version: '4.7.2', revision: '4d4020c3b7'
                     System info: os.name: 'Windows 10', os.arch: 'amd64', os.version: '10.0', java.version: '1.8.0_202'
                     Driver info: org.openqa.selenium.chrome.ChromeDriver
                     Command: [null, newSession {capabilities=[Capabilities {browserName: chrome, goog:chromeOptions: {args: [--remote-allow-origins=*],
                     extensions: []}}], desiredCapabilities=Capabilities {browserName: chrome, goog:chromeOptions: {args: [--remote-allow-origins=*],
                     extensions: []}}}]
                     
                  </a>
                   
                  
               </td>
            </tr>
            <tr>
               <td colspan="4" class="detailsBox">
                  <div id="testngpkg.ClassTestng_setup_byStatus_failed_FAIL1_details"
                       class="testMethodDetails">
                     <div>
                        <b>Name: </b>setup
                     </div>
                     <div>
                        <b>Signature: </b>setup()[pri:0, instance:testngpkg.ClassTestng@544a2ea6]
                     </div>
                     <div>
                        <b>Start time: </b>16:18:16
                     </div>
                     <div>
                        <b>End time: </b>16:18:21
                     </div>
                     <div>
                        <b>Duration: </b>4s
                        
                     </div>
                  </div>
               </td>
            </tr>
            <tr>
               <td colspan="4" class="detailsBox">
                  <div id="testngpkg.ClassTestng_setup_byStatus_failed_FAIL1_exception"
                       class="testMethodDetails">
                     <pre style="padding: 5px; margin: 0;">org.openqa.selenium.SessionNotCreatedException: Could not start a new session. Response code 500. Message: session not created:
                        This version of ChromeDriver only supports Chrome version 114
                        Current browser version is 127.0.6533.100 with binary path C:\Program Files\Google\Chrome\Application\chrome.exe 
                        Host info: host: 'SANTOSHI', ip: '192.168.31.22'
                        Build info: version: '4.7.2', revision: '4d4020c3b7'
                        System info: os.name: 'Windows 10', os.arch: 'amd64', os.version: '10.0', java.version: '1.8.0_202'
                        Driver info: org.openqa.selenium.chrome.ChromeDriver
                        Command: [null, newSession {capabilities=[Capabilities {browserName: chrome, goog:chromeOptions: {args: [--remote-allow-origins=*],
                        extensions: []}}], desiredCapabilities=Capabilities {browserName: chrome, goog:chromeOptions: {args: [--remote-allow-origins=*],
                        extensions: []}}}]
                        at org.openqa.selenium.remote.ProtocolHandshake.createSession(ProtocolHandshake.java:148)
                        at org.openqa.selenium.remote.ProtocolHandshake.createSession(ProtocolHandshake.java:106)
                        at org.openqa.selenium.remote.ProtocolHandshake.createSession(ProtocolHandshake.java:67)
                        at org.openqa.selenium.remote.HttpCommandExecutor.execute(HttpCommandExecutor.java:156)
                        at org.openqa.selenium.remote.service.DriverCommandExecutor.invokeExecute(DriverCommandExecutor.java:167)
                        at org.openqa.selenium.remote.service.DriverCommandExecutor.execute(DriverCommandExecutor.java:142)
                        at org.openqa.selenium.remote.RemoteWebDriver.execute(RemoteWebDriver.java:535)
                        at org.openqa.selenium.remote.RemoteWebDriver.startSession(RemoteWebDriver.java:228)
                        at org.openqa.selenium.remote.RemoteWebDriver.&lt;init&gt;(RemoteWebDriver.java:156)
                        at org.openqa.selenium.chromium.ChromiumDriver.&lt;init&gt;(ChromiumDriver.java:101)
                        at org.openqa.selenium.chrome.ChromeDriver.&lt;init&gt;(ChromeDriver.java:82)
                        at org.openqa.selenium.chrome.ChromeDriver.&lt;init&gt;(ChromeDriver.java:71)
                        at testngpkg.ClassTestng.setup(ClassTestng.java:76)
                        at sun.reflect.NativeMethodAccessorImpl.invoke0(Native Method)
                        at sun.reflect.NativeMethodAccessorImpl.invoke(NativeMethodAccessorImpl.java:62)
                        at sun.reflect.DelegatingMethodAccessorImpl.invoke(DelegatingMethodAccessorImpl.java:43)
                        at java.lang.reflect.Method.invoke(Method.java:498)
                        at org.testng.internal.MethodInvocationHelper.invokeMethod(MethodInvocationHelper.java:133)
                        at org.testng.internal.MethodInvocationHelper.invokeMethodConsideringTimeout(MethodInvocationHelper.java:62)
                        at org.testng.internal.ConfigInvoker.invokeConfigurationMethod(ConfigInvoker.java:385)
                        at org.testng.internal.ConfigInvoker.invokeConfigurations(ConfigInvoker.java:321)
                        at org.testng.TestRunner.invokeTestConfigurations(TestRunner.java:637)
                        at org.testng.TestRunner.beforeRun(TestRunner.java:627)
                        at org.testng.TestRunner.run(TestRunner.java:589)
                        at org.testng.SuiteRunner.runTest(SuiteRunner.java:377)
                        at org.testng.SuiteRunner.runSequentially(SuiteRunner.java:371)
                        at org.testng.SuiteRunner.privateRun(SuiteRunner.java:332)
                        at org.testng.SuiteRunner.run(SuiteRunner.java:276)
                        at org.testng.SuiteRunnerWorker.runSuite(SuiteRunnerWorker.java:53)
                        at org.testng.SuiteRunnerWorker.run(SuiteRunnerWorker.java:96)
                        at org.testng.TestNG.runSuitesSequentially(TestNG.java:1212)
                        at org.testng.TestNG.runSuitesLocally(TestNG.java:1134)
                        at org.testng.TestNG.runSuites(TestNG.java:1063)
                        at org.testng.TestNG.run(TestNG.java:1031)
                        at org.testng.remote.AbstractRemoteTestNG.run(AbstractRemoteTestNG.java:115)
                        at org.testng.remote.RemoteTestNG.initAndRun(RemoteTestNG.java:251)
                        at org.testng.remote.RemoteTestNG.main(RemoteTestNG.java:77)
                     </pre>
                  </div>
               </td>
            </tr>
            <tr id="testngpkg.ClassTestng_launchsite_byStatus_skiped_SKIP1_row"
                class="testMethodStatusSKIP">
               <td width="100%" class="firstMethodCell">
                  <a onclick="toggleDetailsVisibility('testngpkg.ClassTestng_launchsite_byStatus_skiped_SKIP1_details')">launchsite()</a>
               </td>
               <td nowrap="true">16:18:21</td>
               <td nowrap="true" align="right">0 ms
                  
               </td>
               <td nowrap="true">
                  <a onclick="toggleDetailsVisibility('testngpkg.ClassTestng_launchsite_byStatus_skiped_SKIP1_exception')">org.openqa.selenium.SessionNotCreatedException: 
                     Could not start a new session. Response code 500. Message: session not created: This version of ChromeDriver only supports
                     Chrome version 114
                     Current browser version is 127.0.6533.100 with binary path C:\Program Files\Google\Chrome\Application\chrome.exe 
                     Host info: host: 'SANTOSHI', ip: '192.168.31.22'
                     Build info: version: '4.7.2', revision: '4d4020c3b7'
                     System info: os.name: 'Windows 10', os.arch: 'amd64', os.version: '10.0', java.version: '1.8.0_202'
                     Driver info: org.openqa.selenium.chrome.ChromeDriver
                     Command: [null, newSession {capabilities=[Capabilities {browserName: chrome, goog:chromeOptions: {args: [--remote-allow-origins=*],
                     extensions: []}}], desiredCapabilities=Capabilities {browserName: chrome, goog:chromeOptions: {args: [--remote-allow-origins=*],
                     extensions: []}}}]
                     
                  </a>
                   
                  
               </td>
            </tr>
            <tr>
               <td colspan="4" class="detailsBox">
                  <div id="testngpkg.ClassTestng_launchsite_byStatus_skiped_SKIP1_details"
                       class="testMethodDetails">
                     <div>
                        <b>Name: </b>launchsite
                     </div>
                     <div>
                        <b>Signature: </b>launchsite()[pri:1, instance:testngpkg.ClassTestng@544a2ea6]
                     </div>
                     <div>
                        <b>Start time: </b>16:18:21
                     </div>
                     <div>
                        <b>End time: </b>16:18:21
                     </div>
                     <div>
                        <b>Duration: </b>0 ms
                        
                     </div>
                  </div>
               </td>
            </tr>
            <tr>
               <td colspan="4" class="detailsBox">
                  <div id="testngpkg.ClassTestng_launchsite_byStatus_skiped_SKIP1_exception"
                       class="testMethodDetails">
                     <pre style="padding: 5px; margin: 0;">org.openqa.selenium.SessionNotCreatedException: Could not start a new session. Response code 500. Message: session not created:
                        This version of ChromeDriver only supports Chrome version 114
                        Current browser version is 127.0.6533.100 with binary path C:\Program Files\Google\Chrome\Application\chrome.exe 
                        Host info: host: 'SANTOSHI', ip: '192.168.31.22'
                        Build info: version: '4.7.2', revision: '4d4020c3b7'
                        System info: os.name: 'Windows 10', os.arch: 'amd64', os.version: '10.0', java.version: '1.8.0_202'
                        Driver info: org.openqa.selenium.chrome.ChromeDriver
                        Command: [null, newSession {capabilities=[Capabilities {browserName: chrome, goog:chromeOptions: {args: [--remote-allow-origins=*],
                        extensions: []}}], desiredCapabilities=Capabilities {browserName: chrome, goog:chromeOptions: {args: [--remote-allow-origins=*],
                        extensions: []}}}]
                        at org.openqa.selenium.remote.ProtocolHandshake.createSession(ProtocolHandshake.java:148)
                        at org.openqa.selenium.remote.ProtocolHandshake.createSession(ProtocolHandshake.java:106)
                        at org.openqa.selenium.remote.ProtocolHandshake.createSession(ProtocolHandshake.java:67)
                        at org.openqa.selenium.remote.HttpCommandExecutor.execute(HttpCommandExecutor.java:156)
                        at org.openqa.selenium.remote.service.DriverCommandExecutor.invokeExecute(DriverCommandExecutor.java:167)
                        at org.openqa.selenium.remote.service.DriverCommandExecutor.execute(DriverCommandExecutor.java:142)
                        at org.openqa.selenium.remote.RemoteWebDriver.execute(RemoteWebDriver.java:535)
                        at org.openqa.selenium.remote.RemoteWebDriver.startSession(RemoteWebDriver.java:228)
                        at org.openqa.selenium.remote.RemoteWebDriver.&lt;init&gt;(RemoteWebDriver.java:156)
                        at org.openqa.selenium.chromium.ChromiumDriver.&lt;init&gt;(ChromiumDriver.java:101)
                        at org.openqa.selenium.chrome.ChromeDriver.&lt;init&gt;(ChromeDriver.java:82)
                        at org.openqa.selenium.chrome.ChromeDriver.&lt;init&gt;(ChromeDriver.java:71)
                        at testngpkg.ClassTestng.setup(ClassTestng.java:76)
                        at sun.reflect.NativeMethodAccessorImpl.invoke0(Native Method)
                        at sun.reflect.NativeMethodAccessorImpl.invoke(NativeMethodAccessorImpl.java:62)
                        at sun.reflect.DelegatingMethodAccessorImpl.invoke(DelegatingMethodAccessorImpl.java:43)
                        at java.lang.reflect.Method.invoke(Method.java:498)
                        at org.testng.internal.MethodInvocationHelper.invokeMethod(MethodInvocationHelper.java:133)
                        at org.testng.internal.MethodInvocationHelper.invokeMethodConsideringTimeout(MethodInvocationHelper.java:62)
                        at org.testng.internal.ConfigInvoker.invokeConfigurationMethod(ConfigInvoker.java:385)
                        at org.testng.internal.ConfigInvoker.invokeConfigurations(ConfigInvoker.java:321)
                        at org.testng.TestRunner.invokeTestConfigurations(TestRunner.java:637)
                        at org.testng.TestRunner.beforeRun(TestRunner.java:627)
                        at org.testng.TestRunner.run(TestRunner.java:589)
                        at org.testng.SuiteRunner.runTest(SuiteRunner.java:377)
                        at org.testng.SuiteRunner.runSequentially(SuiteRunner.java:371)
                        at org.testng.SuiteRunner.privateRun(SuiteRunner.java:332)
                        at org.testng.SuiteRunner.run(SuiteRunner.java:276)
                        at org.testng.SuiteRunnerWorker.runSuite(SuiteRunnerWorker.java:53)
                        at org.testng.SuiteRunnerWorker.run(SuiteRunnerWorker.java:96)
                        at org.testng.TestNG.runSuitesSequentially(TestNG.java:1212)
                        at org.testng.TestNG.runSuitesLocally(TestNG.java:1134)
                        at org.testng.TestNG.runSuites(TestNG.java:1063)
                        at org.testng.TestNG.run(TestNG.java:1031)
                        at org.testng.remote.AbstractRemoteTestNG.run(AbstractRemoteTestNG.java:115)
                        at org.testng.remote.RemoteTestNG.initAndRun(RemoteTestNG.java:251)
                        at org.testng.remote.RemoteTestNG.main(RemoteTestNG.java:77)
                     </pre>
                  </div>
               </td>
            </tr>
            <tr id="testngpkg.ClassTestng_search_byStatus_skiped_SKIP2_row"
                class="testMethodStatusSKIP">
               <td width="100%" class="firstMethodCell">
                  <a onclick="toggleDetailsVisibility('testngpkg.ClassTestng_search_byStatus_skiped_SKIP2_details')">search()</a>
               </td>
               <td nowrap="true">16:18:21</td>
               <td nowrap="true" align="right">0 ms
                  
               </td>
               <td nowrap="true">
                  <a onclick="toggleDetailsVisibility('testngpkg.ClassTestng_search_byStatus_skiped_SKIP2_exception')">org.openqa.selenium.SessionNotCreatedException: 
                     Could not start a new session. Response code 500. Message: session not created: This version of ChromeDriver only supports
                     Chrome version 114
                     Current browser version is 127.0.6533.100 with binary path C:\Program Files\Google\Chrome\Application\chrome.exe 
                     Host info: host: 'SANTOSHI', ip: '192.168.31.22'
                     Build info: version: '4.7.2', revision: '4d4020c3b7'
                     System info: os.name: 'Windows 10', os.arch: 'amd64', os.version: '10.0', java.version: '1.8.0_202'
                     Driver info: org.openqa.selenium.chrome.ChromeDriver
                     Command: [null, newSession {capabilities=[Capabilities {browserName: chrome, goog:chromeOptions: {args: [--remote-allow-origins=*],
                     extensions: []}}], desiredCapabilities=Capabilities {browserName: chrome, goog:chromeOptions: {args: [--remote-allow-origins=*],
                     extensions: []}}}]
                     
                  </a>
                   
                  
               </td>
            </tr>
            <tr>
               <td colspan="4" class="detailsBox">
                  <div id="testngpkg.ClassTestng_search_byStatus_skiped_SKIP2_details"
                       class="testMethodDetails">
                     <div>
                        <b>Name: </b>search
                     </div>
                     <div>
                        <b>Signature: </b>search()[pri:2, instance:testngpkg.ClassTestng@544a2ea6]
                     </div>
                     <div>
                        <b>Start time: </b>16:18:21
                     </div>
                     <div>
                        <b>End time: </b>16:18:21
                     </div>
                     <div>
                        <b>Duration: </b>0 ms
                        
                     </div>
                  </div>
               </td>
            </tr>
            <tr>
               <td colspan="4" class="detailsBox">
                  <div id="testngpkg.ClassTestng_search_byStatus_skiped_SKIP2_exception"
                       class="testMethodDetails">
                     <pre style="padding: 5px; margin: 0;">org.openqa.selenium.SessionNotCreatedException: Could not start a new session. Response code 500. Message: session not created:
                        This version of ChromeDriver only supports Chrome version 114
                        Current browser version is 127.0.6533.100 with binary path C:\Program Files\Google\Chrome\Application\chrome.exe 
                        Host info: host: 'SANTOSHI', ip: '192.168.31.22'
                        Build info: version: '4.7.2', revision: '4d4020c3b7'
                        System info: os.name: 'Windows 10', os.arch: 'amd64', os.version: '10.0', java.version: '1.8.0_202'
                        Driver info: org.openqa.selenium.chrome.ChromeDriver
                        Command: [null, newSession {capabilities=[Capabilities {browserName: chrome, goog:chromeOptions: {args: [--remote-allow-origins=*],
                        extensions: []}}], desiredCapabilities=Capabilities {browserName: chrome, goog:chromeOptions: {args: [--remote-allow-origins=*],
                        extensions: []}}}]
                        at org.openqa.selenium.remote.ProtocolHandshake.createSession(ProtocolHandshake.java:148)
                        at org.openqa.selenium.remote.ProtocolHandshake.createSession(ProtocolHandshake.java:106)
                        at org.openqa.selenium.remote.ProtocolHandshake.createSession(ProtocolHandshake.java:67)
                        at org.openqa.selenium.remote.HttpCommandExecutor.execute(HttpCommandExecutor.java:156)
                        at org.openqa.selenium.remote.service.DriverCommandExecutor.invokeExecute(DriverCommandExecutor.java:167)
                        at org.openqa.selenium.remote.service.DriverCommandExecutor.execute(DriverCommandExecutor.java:142)
                        at org.openqa.selenium.remote.RemoteWebDriver.execute(RemoteWebDriver.java:535)
                        at org.openqa.selenium.remote.RemoteWebDriver.startSession(RemoteWebDriver.java:228)
                        at org.openqa.selenium.remote.RemoteWebDriver.&lt;init&gt;(RemoteWebDriver.java:156)
                        at org.openqa.selenium.chromium.ChromiumDriver.&lt;init&gt;(ChromiumDriver.java:101)
                        at org.openqa.selenium.chrome.ChromeDriver.&lt;init&gt;(ChromeDriver.java:82)
                        at org.openqa.selenium.chrome.ChromeDriver.&lt;init&gt;(ChromeDriver.java:71)
                        at testngpkg.ClassTestng.setup(ClassTestng.java:76)
                        at sun.reflect.NativeMethodAccessorImpl.invoke0(Native Method)
                        at sun.reflect.NativeMethodAccessorImpl.invoke(NativeMethodAccessorImpl.java:62)
                        at sun.reflect.DelegatingMethodAccessorImpl.invoke(DelegatingMethodAccessorImpl.java:43)
                        at java.lang.reflect.Method.invoke(Method.java:498)
                        at org.testng.internal.MethodInvocationHelper.invokeMethod(MethodInvocationHelper.java:133)
                        at org.testng.internal.MethodInvocationHelper.invokeMethodConsideringTimeout(MethodInvocationHelper.java:62)
                        at org.testng.internal.ConfigInvoker.invokeConfigurationMethod(ConfigInvoker.java:385)
                        at org.testng.internal.ConfigInvoker.invokeConfigurations(ConfigInvoker.java:321)
                        at org.testng.TestRunner.invokeTestConfigurations(TestRunner.java:637)
                        at org.testng.TestRunner.beforeRun(TestRunner.java:627)
                        at org.testng.TestRunner.run(TestRunner.java:589)
                        at org.testng.SuiteRunner.runTest(SuiteRunner.java:377)
                        at org.testng.SuiteRunner.runSequentially(SuiteRunner.java:371)
                        at org.testng.SuiteRunner.privateRun(SuiteRunner.java:332)
                        at org.testng.SuiteRunner.run(SuiteRunner.java:276)
                        at org.testng.SuiteRunnerWorker.runSuite(SuiteRunnerWorker.java:53)
                        at org.testng.SuiteRunnerWorker.run(SuiteRunnerWorker.java:96)
                        at org.testng.TestNG.runSuitesSequentially(TestNG.java:1212)
                        at org.testng.TestNG.runSuitesLocally(TestNG.java:1134)
                        at org.testng.TestNG.runSuites(TestNG.java:1063)
                        at org.testng.TestNG.run(TestNG.java:1031)
                        at org.testng.remote.AbstractRemoteTestNG.run(AbstractRemoteTestNG.java:115)
                        at org.testng.remote.RemoteTestNG.initAndRun(RemoteTestNG.java:251)
                        at org.testng.remote.RemoteTestNG.main(RemoteTestNG.java:77)
                     </pre>
                  </div>
               </td>
            </tr>
            <tr id="testngpkg.ClassTestng_mble_byStatus_skiped_SKIP3_row"
                class="testMethodStatusSKIP">
               <td width="100%" class="firstMethodCell">
                  <a onclick="toggleDetailsVisibility('testngpkg.ClassTestng_mble_byStatus_skiped_SKIP3_details')">mble()</a>
               </td>
               <td nowrap="true">16:18:21</td>
               <td nowrap="true" align="right">0 ms
                  
               </td>
               <td nowrap="true">
                  <a onclick="toggleDetailsVisibility('testngpkg.ClassTestng_mble_byStatus_skiped_SKIP3_exception')">org.openqa.selenium.SessionNotCreatedException: 
                     Could not start a new session. Response code 500. Message: session not created: This version of ChromeDriver only supports
                     Chrome version 114
                     Current browser version is 127.0.6533.100 with binary path C:\Program Files\Google\Chrome\Application\chrome.exe 
                     Host info: host: 'SANTOSHI', ip: '192.168.31.22'
                     Build info: version: '4.7.2', revision: '4d4020c3b7'
                     System info: os.name: 'Windows 10', os.arch: 'amd64', os.version: '10.0', java.version: '1.8.0_202'
                     Driver info: org.openqa.selenium.chrome.ChromeDriver
                     Command: [null, newSession {capabilities=[Capabilities {browserName: chrome, goog:chromeOptions: {args: [--remote-allow-origins=*],
                     extensions: []}}], desiredCapabilities=Capabilities {browserName: chrome, goog:chromeOptions: {args: [--remote-allow-origins=*],
                     extensions: []}}}]
                     
                  </a>
                   
                  
               </td>
            </tr>
            <tr>
               <td colspan="4" class="detailsBox">
                  <div id="testngpkg.ClassTestng_mble_byStatus_skiped_SKIP3_details"
                       class="testMethodDetails">
                     <div>
                        <b>Name: </b>mble
                     </div>
                     <div>
                        <b>Signature: </b>mble()[pri:3, instance:testngpkg.ClassTestng@544a2ea6]
                     </div>
                     <div>
                        <b>Start time: </b>16:18:21
                     </div>
                     <div>
                        <b>End time: </b>16:18:21
                     </div>
                     <div>
                        <b>Duration: </b>0 ms
                        
                     </div>
                  </div>
               </td>
            </tr>
            <tr>
               <td colspan="4" class="detailsBox">
                  <div id="testngpkg.ClassTestng_mble_byStatus_skiped_SKIP3_exception"
                       class="testMethodDetails">
                     <pre style="padding: 5px; margin: 0;">org.openqa.selenium.SessionNotCreatedException: Could not start a new session. Response code 500. Message: session not created:
                        This version of ChromeDriver only supports Chrome version 114
                        Current browser version is 127.0.6533.100 with binary path C:\Program Files\Google\Chrome\Application\chrome.exe 
                        Host info: host: 'SANTOSHI', ip: '192.168.31.22'
                        Build info: version: '4.7.2', revision: '4d4020c3b7'
                        System info: os.name: 'Windows 10', os.arch: 'amd64', os.version: '10.0', java.version: '1.8.0_202'
                        Driver info: org.openqa.selenium.chrome.ChromeDriver
                        Command: [null, newSession {capabilities=[Capabilities {browserName: chrome, goog:chromeOptions: {args: [--remote-allow-origins=*],
                        extensions: []}}], desiredCapabilities=Capabilities {browserName: chrome, goog:chromeOptions: {args: [--remote-allow-origins=*],
                        extensions: []}}}]
                        at org.openqa.selenium.remote.ProtocolHandshake.createSession(ProtocolHandshake.java:148)
                        at org.openqa.selenium.remote.ProtocolHandshake.createSession(ProtocolHandshake.java:106)
                        at org.openqa.selenium.remote.ProtocolHandshake.createSession(ProtocolHandshake.java:67)
                        at org.openqa.selenium.remote.HttpCommandExecutor.execute(HttpCommandExecutor.java:156)
                        at org.openqa.selenium.remote.service.DriverCommandExecutor.invokeExecute(DriverCommandExecutor.java:167)
                        at org.openqa.selenium.remote.service.DriverCommandExecutor.execute(DriverCommandExecutor.java:142)
                        at org.openqa.selenium.remote.RemoteWebDriver.execute(RemoteWebDriver.java:535)
                        at org.openqa.selenium.remote.RemoteWebDriver.startSession(RemoteWebDriver.java:228)
                        at org.openqa.selenium.remote.RemoteWebDriver.&lt;init&gt;(RemoteWebDriver.java:156)
                        at org.openqa.selenium.chromium.ChromiumDriver.&lt;init&gt;(ChromiumDriver.java:101)
                        at org.openqa.selenium.chrome.ChromeDriver.&lt;init&gt;(ChromeDriver.java:82)
                        at org.openqa.selenium.chrome.ChromeDriver.&lt;init&gt;(ChromeDriver.java:71)
                        at testngpkg.ClassTestng.setup(ClassTestng.java:76)
                        at sun.reflect.NativeMethodAccessorImpl.invoke0(Native Method)
                        at sun.reflect.NativeMethodAccessorImpl.invoke(NativeMethodAccessorImpl.java:62)
                        at sun.reflect.DelegatingMethodAccessorImpl.invoke(DelegatingMethodAccessorImpl.java:43)
                        at java.lang.reflect.Method.invoke(Method.java:498)
                        at org.testng.internal.MethodInvocationHelper.invokeMethod(MethodInvocationHelper.java:133)
                        at org.testng.internal.MethodInvocationHelper.invokeMethodConsideringTimeout(MethodInvocationHelper.java:62)
                        at org.testng.internal.ConfigInvoker.invokeConfigurationMethod(ConfigInvoker.java:385)
                        at org.testng.internal.ConfigInvoker.invokeConfigurations(ConfigInvoker.java:321)
                        at org.testng.TestRunner.invokeTestConfigurations(TestRunner.java:637)
                        at org.testng.TestRunner.beforeRun(TestRunner.java:627)
                        at org.testng.TestRunner.run(TestRunner.java:589)
                        at org.testng.SuiteRunner.runTest(SuiteRunner.java:377)
                        at org.testng.SuiteRunner.runSequentially(SuiteRunner.java:371)
                        at org.testng.SuiteRunner.privateRun(SuiteRunner.java:332)
                        at org.testng.SuiteRunner.run(SuiteRunner.java:276)
                        at org.testng.SuiteRunnerWorker.runSuite(SuiteRunnerWorker.java:53)
                        at org.testng.SuiteRunnerWorker.run(SuiteRunnerWorker.java:96)
                        at org.testng.TestNG.runSuitesSequentially(TestNG.java:1212)
                        at org.testng.TestNG.runSuitesLocally(TestNG.java:1134)
                        at org.testng.TestNG.runSuites(TestNG.java:1063)
                        at org.testng.TestNG.run(TestNG.java:1031)
                        at org.testng.remote.AbstractRemoteTestNG.run(AbstractRemoteTestNG.java:115)
                        at org.testng.remote.RemoteTestNG.initAndRun(RemoteTestNG.java:251)
                        at org.testng.remote.RemoteTestNG.main(RemoteTestNG.java:77)
                     </pre>
                  </div>
               </td>
            </tr>
            <tr id="testngpkg.ClassTestng_fail_byStatus_skiped_SKIP4_row"
                class="testMethodStatusSKIP">
               <td width="100%" class="firstMethodCell">
                  <a onclick="toggleDetailsVisibility('testngpkg.ClassTestng_fail_byStatus_skiped_SKIP4_details')">fail()</a>
               </td>
               <td nowrap="true">16:18:21</td>
               <td nowrap="true" align="right">0 ms
                  
               </td>
               <td nowrap="true">
                  <a onclick="toggleDetailsVisibility('testngpkg.ClassTestng_fail_byStatus_skiped_SKIP4_exception')">org.openqa.selenium.SessionNotCreatedException: 
                     Could not start a new session. Response code 500. Message: session not created: This version of ChromeDriver only supports
                     Chrome version 114
                     Current browser version is 127.0.6533.100 with binary path C:\Program Files\Google\Chrome\Application\chrome.exe 
                     Host info: host: 'SANTOSHI', ip: '192.168.31.22'
                     Build info: version: '4.7.2', revision: '4d4020c3b7'
                     System info: os.name: 'Windows 10', os.arch: 'amd64', os.version: '10.0', java.version: '1.8.0_202'
                     Driver info: org.openqa.selenium.chrome.ChromeDriver
                     Command: [null, newSession {capabilities=[Capabilities {browserName: chrome, goog:chromeOptions: {args: [--remote-allow-origins=*],
                     extensions: []}}], desiredCapabilities=Capabilities {browserName: chrome, goog:chromeOptions: {args: [--remote-allow-origins=*],
                     extensions: []}}}]
                     
                  </a>
                   
                  
               </td>
            </tr>
            <tr>
               <td colspan="4" class="detailsBox">
                  <div id="testngpkg.ClassTestng_fail_byStatus_skiped_SKIP4_details"
                       class="testMethodDetails">
                     <div>
                        <b>Name: </b>fail
                     </div>
                     <div>
                        <b>Signature: </b>fail()[pri:4, instance:testngpkg.ClassTestng@544a2ea6]
                     </div>
                     <div>
                        <b>Start time: </b>16:18:21
                     </div>
                     <div>
                        <b>End time: </b>16:18:21
                     </div>
                     <div>
                        <b>Duration: </b>0 ms
                        
                     </div>
                  </div>
               </td>
            </tr>
            <tr>
               <td colspan="4" class="detailsBox">
                  <div id="testngpkg.ClassTestng_fail_byStatus_skiped_SKIP4_exception"
                       class="testMethodDetails">
                     <pre style="padding: 5px; margin: 0;">org.openqa.selenium.SessionNotCreatedException: Could not start a new session. Response code 500. Message: session not created:
                        This version of ChromeDriver only supports Chrome version 114
                        Current browser version is 127.0.6533.100 with binary path C:\Program Files\Google\Chrome\Application\chrome.exe 
                        Host info: host: 'SANTOSHI', ip: '192.168.31.22'
                        Build info: version: '4.7.2', revision: '4d4020c3b7'
                        System info: os.name: 'Windows 10', os.arch: 'amd64', os.version: '10.0', java.version: '1.8.0_202'
                        Driver info: org.openqa.selenium.chrome.ChromeDriver
                        Command: [null, newSession {capabilities=[Capabilities {browserName: chrome, goog:chromeOptions: {args: [--remote-allow-origins=*],
                        extensions: []}}], desiredCapabilities=Capabilities {browserName: chrome, goog:chromeOptions: {args: [--remote-allow-origins=*],
                        extensions: []}}}]
                        at org.openqa.selenium.remote.ProtocolHandshake.createSession(ProtocolHandshake.java:148)
                        at org.openqa.selenium.remote.ProtocolHandshake.createSession(ProtocolHandshake.java:106)
                        at org.openqa.selenium.remote.ProtocolHandshake.createSession(ProtocolHandshake.java:67)
                        at org.openqa.selenium.remote.HttpCommandExecutor.execute(HttpCommandExecutor.java:156)
                        at org.openqa.selenium.remote.service.DriverCommandExecutor.invokeExecute(DriverCommandExecutor.java:167)
                        at org.openqa.selenium.remote.service.DriverCommandExecutor.execute(DriverCommandExecutor.java:142)
                        at org.openqa.selenium.remote.RemoteWebDriver.execute(RemoteWebDriver.java:535)
                        at org.openqa.selenium.remote.RemoteWebDriver.startSession(RemoteWebDriver.java:228)
                        at org.openqa.selenium.remote.RemoteWebDriver.&lt;init&gt;(RemoteWebDriver.java:156)
                        at org.openqa.selenium.chromium.ChromiumDriver.&lt;init&gt;(ChromiumDriver.java:101)
                        at org.openqa.selenium.chrome.ChromeDriver.&lt;init&gt;(ChromeDriver.java:82)
                        at org.openqa.selenium.chrome.ChromeDriver.&lt;init&gt;(ChromeDriver.java:71)
                        at testngpkg.ClassTestng.setup(ClassTestng.java:76)
                        at sun.reflect.NativeMethodAccessorImpl.invoke0(Native Method)
                        at sun.reflect.NativeMethodAccessorImpl.invoke(NativeMethodAccessorImpl.java:62)
                        at sun.reflect.DelegatingMethodAccessorImpl.invoke(DelegatingMethodAccessorImpl.java:43)
                        at java.lang.reflect.Method.invoke(Method.java:498)
                        at org.testng.internal.MethodInvocationHelper.invokeMethod(MethodInvocationHelper.java:133)
                        at org.testng.internal.MethodInvocationHelper.invokeMethodConsideringTimeout(MethodInvocationHelper.java:62)
                        at org.testng.internal.ConfigInvoker.invokeConfigurationMethod(ConfigInvoker.java:385)
                        at org.testng.internal.ConfigInvoker.invokeConfigurations(ConfigInvoker.java:321)
                        at org.testng.TestRunner.invokeTestConfigurations(TestRunner.java:637)
                        at org.testng.TestRunner.beforeRun(TestRunner.java:627)
                        at org.testng.TestRunner.run(TestRunner.java:589)
                        at org.testng.SuiteRunner.runTest(SuiteRunner.java:377)
                        at org.testng.SuiteRunner.runSequentially(SuiteRunner.java:371)
                        at org.testng.SuiteRunner.privateRun(SuiteRunner.java:332)
                        at org.testng.SuiteRunner.run(SuiteRunner.java:276)
                        at org.testng.SuiteRunnerWorker.runSuite(SuiteRunnerWorker.java:53)
                        at org.testng.SuiteRunnerWorker.run(SuiteRunnerWorker.java:96)
                        at org.testng.TestNG.runSuitesSequentially(TestNG.java:1212)
                        at org.testng.TestNG.runSuitesLocally(TestNG.java:1134)
                        at org.testng.TestNG.runSuites(TestNG.java:1063)
                        at org.testng.TestNG.run(TestNG.java:1031)
                        at org.testng.remote.AbstractRemoteTestNG.run(AbstractRemoteTestNG.java:115)
                        at org.testng.remote.RemoteTestNG.initAndRun(RemoteTestNG.java:251)
                        at org.testng.remote.RemoteTestNG.main(RemoteTestNG.java:77)
                     </pre>
                  </div>
               </td>
            </tr>
            <tr id="testngpkg.ClassTestng_link_byStatus_skiped_SKIP5_row"
                class="testMethodStatusSKIP testMethodStatusCONF">
               <td width="100%" class="firstMethodCell">
                  <a onclick="toggleDetailsVisibility('testngpkg.ClassTestng_link_byStatus_skiped_SKIP5_details')">link()</a>
               </td>
               <td nowrap="true">16:18:21</td>
               <td nowrap="true" align="right">-1723286901495 ms
                  
               </td>
               <td nowrap="true">
                   
                  
               </td>
            </tr>
            <tr>
               <td colspan="4" class="detailsBox">
                  <div id="testngpkg.ClassTestng_link_byStatus_skiped_SKIP5_details"
                       class="testMethodDetails">
                     <div>
                        <b>Name: </b>link
                     </div>
                     <div>
                        <b>Signature: </b>link()[pri:0, instance:testngpkg.ClassTestng@544a2ea6]
                     </div>
                     <div>
                        <b>Start time: </b>16:18:21
                     </div>
                     <div>
                        <b>End time: </b>05:30:00
                     </div>
                     <div>
                        <b>Duration: </b>-1723286901495 ms
                        
                     </div>
                  </div>
               </td>
            </tr>
            <tr></tr>
         </table>
      </div>
      <div id="testMethodsByClass">
         <table class="testMethodsTable" cellpadding="0" cellspacing="0">
            <tr>
               <td colspan="4">
                  <h3 style="display: inline;">testngpkg.ClassTestng</h3>
               </td>
            </tr>
            <tr class="methodsTableHeader">
               <td width="100%">Name</td>
               <td nowrap="true">Started</td>
               <td nowrap="true">Duration</td>
               <td>Exception</td>
            </tr>
            <tr id="testngpkg.ClassTestng_setup_byClass_FAIL1_row"
                class="testMethodStatusFAIL testMethodStatusCONF">
               <td width="100%" class="firstMethodCell">
                  <a onclick="toggleDetailsVisibility('testngpkg.ClassTestng_setup_byClass_FAIL1_details')">setup()</a>
               </td>
               <td nowrap="true">16:18:16</td>
               <td nowrap="true" align="right">4s
                  
               </td>
               <td nowrap="true">
                  <a onclick="toggleDetailsVisibility('testngpkg.ClassTestng_setup_byClass_FAIL1_exception')">org.openqa.selenium.SessionNotCreatedException: 
                     Could not start a new session. Response code 500. Message: session not created: This version of ChromeDriver only supports
                     Chrome version 114
                     Current browser version is 127.0.6533.100 with binary path C:\Program Files\Google\Chrome\Application\chrome.exe 
                     Host info: host: 'SANTOSHI', ip: '192.168.31.22'
                     Build info: version: '4.7.2', revision: '4d4020c3b7'
                     System info: os.name: 'Windows 10', os.arch: 'amd64', os.version: '10.0', java.version: '1.8.0_202'
                     Driver info: org.openqa.selenium.chrome.ChromeDriver
                     Command: [null, newSession {capabilities=[Capabilities {browserName: chrome, goog:chromeOptions: {args: [--remote-allow-origins=*],
                     extensions: []}}], desiredCapabilities=Capabilities {browserName: chrome, goog:chromeOptions: {args: [--remote-allow-origins=*],
                     extensions: []}}}]
                     
                  </a>
                   
                  
               </td>
            </tr>
            <tr>
               <td colspan="4" class="detailsBox">
                  <div id="testngpkg.ClassTestng_setup_byClass_FAIL1_details"
                       class="testMethodDetails">
                     <div>
                        <b>Name: </b>setup
                     </div>
                     <div>
                        <b>Signature: </b>setup()[pri:0, instance:testngpkg.ClassTestng@544a2ea6]
                     </div>
                     <div>
                        <b>Start time: </b>16:18:16
                     </div>
                     <div>
                        <b>End time: </b>16:18:21
                     </div>
                     <div>
                        <b>Duration: </b>4s
                        
                     </div>
                  </div>
               </td>
            </tr>
            <tr>
               <td colspan="4" class="detailsBox">
                  <div id="testngpkg.ClassTestng_setup_byClass_FAIL1_exception"
                       class="testMethodDetails">
                     <pre style="padding: 5px; margin: 0;">org.openqa.selenium.SessionNotCreatedException: Could not start a new session. Response code 500. Message: session not created:
                        This version of ChromeDriver only supports Chrome version 114
                        Current browser version is 127.0.6533.100 with binary path C:\Program Files\Google\Chrome\Application\chrome.exe 
                        Host info: host: 'SANTOSHI', ip: '192.168.31.22'
                        Build info: version: '4.7.2', revision: '4d4020c3b7'
                        System info: os.name: 'Windows 10', os.arch: 'amd64', os.version: '10.0', java.version: '1.8.0_202'
                        Driver info: org.openqa.selenium.chrome.ChromeDriver
                        Command: [null, newSession {capabilities=[Capabilities {browserName: chrome, goog:chromeOptions: {args: [--remote-allow-origins=*],
                        extensions: []}}], desiredCapabilities=Capabilities {browserName: chrome, goog:chromeOptions: {args: [--remote-allow-origins=*],
                        extensions: []}}}]
                        at org.openqa.selenium.remote.ProtocolHandshake.createSession(ProtocolHandshake.java:148)
                        at org.openqa.selenium.remote.ProtocolHandshake.createSession(ProtocolHandshake.java:106)
                        at org.openqa.selenium.remote.ProtocolHandshake.createSession(ProtocolHandshake.java:67)
                        at org.openqa.selenium.remote.HttpCommandExecutor.execute(HttpCommandExecutor.java:156)
                        at org.openqa.selenium.remote.service.DriverCommandExecutor.invokeExecute(DriverCommandExecutor.java:167)
                        at org.openqa.selenium.remote.service.DriverCommandExecutor.execute(DriverCommandExecutor.java:142)
                        at org.openqa.selenium.remote.RemoteWebDriver.execute(RemoteWebDriver.java:535)
                        at org.openqa.selenium.remote.RemoteWebDriver.startSession(RemoteWebDriver.java:228)
                        at org.openqa.selenium.remote.RemoteWebDriver.&lt;init&gt;(RemoteWebDriver.java:156)
                        at org.openqa.selenium.chromium.ChromiumDriver.&lt;init&gt;(ChromiumDriver.java:101)
                        at org.openqa.selenium.chrome.ChromeDriver.&lt;init&gt;(ChromeDriver.java:82)
                        at org.openqa.selenium.chrome.ChromeDriver.&lt;init&gt;(ChromeDriver.java:71)
                        at testngpkg.ClassTestng.setup(ClassTestng.java:76)
                        at sun.reflect.NativeMethodAccessorImpl.invoke0(Native Method)
                        at sun.reflect.NativeMethodAccessorImpl.invoke(NativeMethodAccessorImpl.java:62)
                        at sun.reflect.DelegatingMethodAccessorImpl.invoke(DelegatingMethodAccessorImpl.java:43)
                        at java.lang.reflect.Method.invoke(Method.java:498)
                        at org.testng.internal.MethodInvocationHelper.invokeMethod(MethodInvocationHelper.java:133)
                        at org.testng.internal.MethodInvocationHelper.invokeMethodConsideringTimeout(MethodInvocationHelper.java:62)
                        at org.testng.internal.ConfigInvoker.invokeConfigurationMethod(ConfigInvoker.java:385)
                        at org.testng.internal.ConfigInvoker.invokeConfigurations(ConfigInvoker.java:321)
                        at org.testng.TestRunner.invokeTestConfigurations(TestRunner.java:637)
                        at org.testng.TestRunner.beforeRun(TestRunner.java:627)
                        at org.testng.TestRunner.run(TestRunner.java:589)
                        at org.testng.SuiteRunner.runTest(SuiteRunner.java:377)
                        at org.testng.SuiteRunner.runSequentially(SuiteRunner.java:371)
                        at org.testng.SuiteRunner.privateRun(SuiteRunner.java:332)
                        at org.testng.SuiteRunner.run(SuiteRunner.java:276)
                        at org.testng.SuiteRunnerWorker.runSuite(SuiteRunnerWorker.java:53)
                        at org.testng.SuiteRunnerWorker.run(SuiteRunnerWorker.java:96)
                        at org.testng.TestNG.runSuitesSequentially(TestNG.java:1212)
                        at org.testng.TestNG.runSuitesLocally(TestNG.java:1134)
                        at org.testng.TestNG.runSuites(TestNG.java:1063)
                        at org.testng.TestNG.run(TestNG.java:1031)
                        at org.testng.remote.AbstractRemoteTestNG.run(AbstractRemoteTestNG.java:115)
                        at org.testng.remote.RemoteTestNG.initAndRun(RemoteTestNG.java:251)
                        at org.testng.remote.RemoteTestNG.main(RemoteTestNG.java:77)
                     </pre>
                  </div>
               </td>
            </tr>
            <tr id="testngpkg.ClassTestng_launchsite_byClass_SKIP2_row"
                class="testMethodStatusSKIP">
               <td width="100%" class="firstMethodCell">
                  <a onclick="toggleDetailsVisibility('testngpkg.ClassTestng_launchsite_byClass_SKIP2_details')">launchsite()</a>
               </td>
               <td nowrap="true">16:18:21</td>
               <td nowrap="true" align="right">0 ms
                  
               </td>
               <td nowrap="true">
                  <a onclick="toggleDetailsVisibility('testngpkg.ClassTestng_launchsite_byClass_SKIP2_exception')">org.openqa.selenium.SessionNotCreatedException: 
                     Could not start a new session. Response code 500. Message: session not created: This version of ChromeDriver only supports
                     Chrome version 114
                     Current browser version is 127.0.6533.100 with binary path C:\Program Files\Google\Chrome\Application\chrome.exe 
                     Host info: host: 'SANTOSHI', ip: '192.168.31.22'
                     Build info: version: '4.7.2', revision: '4d4020c3b7'
                     System info: os.name: 'Windows 10', os.arch: 'amd64', os.version: '10.0', java.version: '1.8.0_202'
                     Driver info: org.openqa.selenium.chrome.ChromeDriver
                     Command: [null, newSession {capabilities=[Capabilities {browserName: chrome, goog:chromeOptions: {args: [--remote-allow-origins=*],
                     extensions: []}}], desiredCapabilities=Capabilities {browserName: chrome, goog:chromeOptions: {args: [--remote-allow-origins=*],
                     extensions: []}}}]
                     
                  </a>
                   
                  
               </td>
            </tr>
            <tr>
               <td colspan="4" class="detailsBox">
                  <div id="testngpkg.ClassTestng_launchsite_byClass_SKIP2_details"
                       class="testMethodDetails">
                     <div>
                        <b>Name: </b>launchsite
                     </div>
                     <div>
                        <b>Signature: </b>launchsite()[pri:1, instance:testngpkg.ClassTestng@544a2ea6]
                     </div>
                     <div>
                        <b>Start time: </b>16:18:21
                     </div>
                     <div>
                        <b>End time: </b>16:18:21
                     </div>
                     <div>
                        <b>Duration: </b>0 ms
                        
                     </div>
                  </div>
               </td>
            </tr>
            <tr>
               <td colspan="4" class="detailsBox">
                  <div id="testngpkg.ClassTestng_launchsite_byClass_SKIP2_exception"
                       class="testMethodDetails">
                     <pre style="padding: 5px; margin: 0;">org.openqa.selenium.SessionNotCreatedException: Could not start a new session. Response code 500. Message: session not created:
                        This version of ChromeDriver only supports Chrome version 114
                        Current browser version is 127.0.6533.100 with binary path C:\Program Files\Google\Chrome\Application\chrome.exe 
                        Host info: host: 'SANTOSHI', ip: '192.168.31.22'
                        Build info: version: '4.7.2', revision: '4d4020c3b7'
                        System info: os.name: 'Windows 10', os.arch: 'amd64', os.version: '10.0', java.version: '1.8.0_202'
                        Driver info: org.openqa.selenium.chrome.ChromeDriver
                        Command: [null, newSession {capabilities=[Capabilities {browserName: chrome, goog:chromeOptions: {args: [--remote-allow-origins=*],
                        extensions: []}}], desiredCapabilities=Capabilities {browserName: chrome, goog:chromeOptions: {args: [--remote-allow-origins=*],
                        extensions: []}}}]
                        at org.openqa.selenium.remote.ProtocolHandshake.createSession(ProtocolHandshake.java:148)
                        at org.openqa.selenium.remote.ProtocolHandshake.createSession(ProtocolHandshake.java:106)
                        at org.openqa.selenium.remote.ProtocolHandshake.createSession(ProtocolHandshake.java:67)
                        at org.openqa.selenium.remote.HttpCommandExecutor.execute(HttpCommandExecutor.java:156)
                        at org.openqa.selenium.remote.service.DriverCommandExecutor.invokeExecute(DriverCommandExecutor.java:167)
                        at org.openqa.selenium.remote.service.DriverCommandExecutor.execute(DriverCommandExecutor.java:142)
                        at org.openqa.selenium.remote.RemoteWebDriver.execute(RemoteWebDriver.java:535)
                        at org.openqa.selenium.remote.RemoteWebDriver.startSession(RemoteWebDriver.java:228)
                        at org.openqa.selenium.remote.RemoteWebDriver.&lt;init&gt;(RemoteWebDriver.java:156)
                        at org.openqa.selenium.chromium.ChromiumDriver.&lt;init&gt;(ChromiumDriver.java:101)
                        at org.openqa.selenium.chrome.ChromeDriver.&lt;init&gt;(ChromeDriver.java:82)
                        at org.openqa.selenium.chrome.ChromeDriver.&lt;init&gt;(ChromeDriver.java:71)
                        at testngpkg.ClassTestng.setup(ClassTestng.java:76)
                        at sun.reflect.NativeMethodAccessorImpl.invoke0(Native Method)
                        at sun.reflect.NativeMethodAccessorImpl.invoke(NativeMethodAccessorImpl.java:62)
                        at sun.reflect.DelegatingMethodAccessorImpl.invoke(DelegatingMethodAccessorImpl.java:43)
                        at java.lang.reflect.Method.invoke(Method.java:498)
                        at org.testng.internal.MethodInvocationHelper.invokeMethod(MethodInvocationHelper.java:133)
                        at org.testng.internal.MethodInvocationHelper.invokeMethodConsideringTimeout(MethodInvocationHelper.java:62)
                        at org.testng.internal.ConfigInvoker.invokeConfigurationMethod(ConfigInvoker.java:385)
                        at org.testng.internal.ConfigInvoker.invokeConfigurations(ConfigInvoker.java:321)
                        at org.testng.TestRunner.invokeTestConfigurations(TestRunner.java:637)
                        at org.testng.TestRunner.beforeRun(TestRunner.java:627)
                        at org.testng.TestRunner.run(TestRunner.java:589)
                        at org.testng.SuiteRunner.runTest(SuiteRunner.java:377)
                        at org.testng.SuiteRunner.runSequentially(SuiteRunner.java:371)
                        at org.testng.SuiteRunner.privateRun(SuiteRunner.java:332)
                        at org.testng.SuiteRunner.run(SuiteRunner.java:276)
                        at org.testng.SuiteRunnerWorker.runSuite(SuiteRunnerWorker.java:53)
                        at org.testng.SuiteRunnerWorker.run(SuiteRunnerWorker.java:96)
                        at org.testng.TestNG.runSuitesSequentially(TestNG.java:1212)
                        at org.testng.TestNG.runSuitesLocally(TestNG.java:1134)
                        at org.testng.TestNG.runSuites(TestNG.java:1063)
                        at org.testng.TestNG.run(TestNG.java:1031)
                        at org.testng.remote.AbstractRemoteTestNG.run(AbstractRemoteTestNG.java:115)
                        at org.testng.remote.RemoteTestNG.initAndRun(RemoteTestNG.java:251)
                        at org.testng.remote.RemoteTestNG.main(RemoteTestNG.java:77)
                     </pre>
                  </div>
               </td>
            </tr>
            <tr id="testngpkg.ClassTestng_search_byClass_SKIP3_row"
                class="testMethodStatusSKIP">
               <td width="100%" class="firstMethodCell">
                  <a onclick="toggleDetailsVisibility('testngpkg.ClassTestng_search_byClass_SKIP3_details')">search()</a>
               </td>
               <td nowrap="true">16:18:21</td>
               <td nowrap="true" align="right">0 ms
                  
               </td>
               <td nowrap="true">
                  <a onclick="toggleDetailsVisibility('testngpkg.ClassTestng_search_byClass_SKIP3_exception')">org.openqa.selenium.SessionNotCreatedException: 
                     Could not start a new session. Response code 500. Message: session not created: This version of ChromeDriver only supports
                     Chrome version 114
                     Current browser version is 127.0.6533.100 with binary path C:\Program Files\Google\Chrome\Application\chrome.exe 
                     Host info: host: 'SANTOSHI', ip: '192.168.31.22'
                     Build info: version: '4.7.2', revision: '4d4020c3b7'
                     System info: os.name: 'Windows 10', os.arch: 'amd64', os.version: '10.0', java.version: '1.8.0_202'
                     Driver info: org.openqa.selenium.chrome.ChromeDriver
                     Command: [null, newSession {capabilities=[Capabilities {browserName: chrome, goog:chromeOptions: {args: [--remote-allow-origins=*],
                     extensions: []}}], desiredCapabilities=Capabilities {browserName: chrome, goog:chromeOptions: {args: [--remote-allow-origins=*],
                     extensions: []}}}]
                     
                  </a>
                   
                  
               </td>
            </tr>
            <tr>
               <td colspan="4" class="detailsBox">
                  <div id="testngpkg.ClassTestng_search_byClass_SKIP3_details"
                       class="testMethodDetails">
                     <div>
                        <b>Name: </b>search
                     </div>
                     <div>
                        <b>Signature: </b>search()[pri:2, instance:testngpkg.ClassTestng@544a2ea6]
                     </div>
                     <div>
                        <b>Start time: </b>16:18:21
                     </div>
                     <div>
                        <b>End time: </b>16:18:21
                     </div>
                     <div>
                        <b>Duration: </b>0 ms
                        
                     </div>
                  </div>
               </td>
            </tr>
            <tr>
               <td colspan="4" class="detailsBox">
                  <div id="testngpkg.ClassTestng_search_byClass_SKIP3_exception"
                       class="testMethodDetails">
                     <pre style="padding: 5px; margin: 0;">org.openqa.selenium.SessionNotCreatedException: Could not start a new session. Response code 500. Message: session not created:
                        This version of ChromeDriver only supports Chrome version 114
                        Current browser version is 127.0.6533.100 with binary path C:\Program Files\Google\Chrome\Application\chrome.exe 
                        Host info: host: 'SANTOSHI', ip: '192.168.31.22'
                        Build info: version: '4.7.2', revision: '4d4020c3b7'
                        System info: os.name: 'Windows 10', os.arch: 'amd64', os.version: '10.0', java.version: '1.8.0_202'
                        Driver info: org.openqa.selenium.chrome.ChromeDriver
                        Command: [null, newSession {capabilities=[Capabilities {browserName: chrome, goog:chromeOptions: {args: [--remote-allow-origins=*],
                        extensions: []}}], desiredCapabilities=Capabilities {browserName: chrome, goog:chromeOptions: {args: [--remote-allow-origins=*],
                        extensions: []}}}]
                        at org.openqa.selenium.remote.ProtocolHandshake.createSession(ProtocolHandshake.java:148)
                        at org.openqa.selenium.remote.ProtocolHandshake.createSession(ProtocolHandshake.java:106)
                        at org.openqa.selenium.remote.ProtocolHandshake.createSession(ProtocolHandshake.java:67)
                        at org.openqa.selenium.remote.HttpCommandExecutor.execute(HttpCommandExecutor.java:156)
                        at org.openqa.selenium.remote.service.DriverCommandExecutor.invokeExecute(DriverCommandExecutor.java:167)
                        at org.openqa.selenium.remote.service.DriverCommandExecutor.execute(DriverCommandExecutor.java:142)
                        at org.openqa.selenium.remote.RemoteWebDriver.execute(RemoteWebDriver.java:535)
                        at org.openqa.selenium.remote.RemoteWebDriver.startSession(RemoteWebDriver.java:228)
                        at org.openqa.selenium.remote.RemoteWebDriver.&lt;init&gt;(RemoteWebDriver.java:156)
                        at org.openqa.selenium.chromium.ChromiumDriver.&lt;init&gt;(ChromiumDriver.java:101)
                        at org.openqa.selenium.chrome.ChromeDriver.&lt;init&gt;(ChromeDriver.java:82)
                        at org.openqa.selenium.chrome.ChromeDriver.&lt;init&gt;(ChromeDriver.java:71)
                        at testngpkg.ClassTestng.setup(ClassTestng.java:76)
                        at sun.reflect.NativeMethodAccessorImpl.invoke0(Native Method)
                        at sun.reflect.NativeMethodAccessorImpl.invoke(NativeMethodAccessorImpl.java:62)
                        at sun.reflect.DelegatingMethodAccessorImpl.invoke(DelegatingMethodAccessorImpl.java:43)
                        at java.lang.reflect.Method.invoke(Method.java:498)
                        at org.testng.internal.MethodInvocationHelper.invokeMethod(MethodInvocationHelper.java:133)
                        at org.testng.internal.MethodInvocationHelper.invokeMethodConsideringTimeout(MethodInvocationHelper.java:62)
                        at org.testng.internal.ConfigInvoker.invokeConfigurationMethod(ConfigInvoker.java:385)
                        at org.testng.internal.ConfigInvoker.invokeConfigurations(ConfigInvoker.java:321)
                        at org.testng.TestRunner.invokeTestConfigurations(TestRunner.java:637)
                        at org.testng.TestRunner.beforeRun(TestRunner.java:627)
                        at org.testng.TestRunner.run(TestRunner.java:589)
                        at org.testng.SuiteRunner.runTest(SuiteRunner.java:377)
                        at org.testng.SuiteRunner.runSequentially(SuiteRunner.java:371)
                        at org.testng.SuiteRunner.privateRun(SuiteRunner.java:332)
                        at org.testng.SuiteRunner.run(SuiteRunner.java:276)
                        at org.testng.SuiteRunnerWorker.runSuite(SuiteRunnerWorker.java:53)
                        at org.testng.SuiteRunnerWorker.run(SuiteRunnerWorker.java:96)
                        at org.testng.TestNG.runSuitesSequentially(TestNG.java:1212)
                        at org.testng.TestNG.runSuitesLocally(TestNG.java:1134)
                        at org.testng.TestNG.runSuites(TestNG.java:1063)
                        at org.testng.TestNG.run(TestNG.java:1031)
                        at org.testng.remote.AbstractRemoteTestNG.run(AbstractRemoteTestNG.java:115)
                        at org.testng.remote.RemoteTestNG.initAndRun(RemoteTestNG.java:251)
                        at org.testng.remote.RemoteTestNG.main(RemoteTestNG.java:77)
                     </pre>
                  </div>
               </td>
            </tr>
            <tr id="testngpkg.ClassTestng_mble_byClass_SKIP4_row" class="testMethodStatusSKIP">
               <td width="100%" class="firstMethodCell">
                  <a onclick="toggleDetailsVisibility('testngpkg.ClassTestng_mble_byClass_SKIP4_details')">mble()</a>
               </td>
               <td nowrap="true">16:18:21</td>
               <td nowrap="true" align="right">0 ms
                  
               </td>
               <td nowrap="true">
                  <a onclick="toggleDetailsVisibility('testngpkg.ClassTestng_mble_byClass_SKIP4_exception')">org.openqa.selenium.SessionNotCreatedException: 
                     Could not start a new session. Response code 500. Message: session not created: This version of ChromeDriver only supports
                     Chrome version 114
                     Current browser version is 127.0.6533.100 with binary path C:\Program Files\Google\Chrome\Application\chrome.exe 
                     Host info: host: 'SANTOSHI', ip: '192.168.31.22'
                     Build info: version: '4.7.2', revision: '4d4020c3b7'
                     System info: os.name: 'Windows 10', os.arch: 'amd64', os.version: '10.0', java.version: '1.8.0_202'
                     Driver info: org.openqa.selenium.chrome.ChromeDriver
                     Command: [null, newSession {capabilities=[Capabilities {browserName: chrome, goog:chromeOptions: {args: [--remote-allow-origins=*],
                     extensions: []}}], desiredCapabilities=Capabilities {browserName: chrome, goog:chromeOptions: {args: [--remote-allow-origins=*],
                     extensions: []}}}]
                     
                  </a>
                   
                  
               </td>
            </tr>
            <tr>
               <td colspan="4" class="detailsBox">
                  <div id="testngpkg.ClassTestng_mble_byClass_SKIP4_details" class="testMethodDetails">
                     <div>
                        <b>Name: </b>mble
                     </div>
                     <div>
                        <b>Signature: </b>mble()[pri:3, instance:testngpkg.ClassTestng@544a2ea6]
                     </div>
                     <div>
                        <b>Start time: </b>16:18:21
                     </div>
                     <div>
                        <b>End time: </b>16:18:21
                     </div>
                     <div>
                        <b>Duration: </b>0 ms
                        
                     </div>
                  </div>
               </td>
            </tr>
            <tr>
               <td colspan="4" class="detailsBox">
                  <div id="testngpkg.ClassTestng_mble_byClass_SKIP4_exception"
                       class="testMethodDetails">
                     <pre style="padding: 5px; margin: 0;">org.openqa.selenium.SessionNotCreatedException: Could not start a new session. Response code 500. Message: session not created:
                        This version of ChromeDriver only supports Chrome version 114
                        Current browser version is 127.0.6533.100 with binary path C:\Program Files\Google\Chrome\Application\chrome.exe 
                        Host info: host: 'SANTOSHI', ip: '192.168.31.22'
                        Build info: version: '4.7.2', revision: '4d4020c3b7'
                        System info: os.name: 'Windows 10', os.arch: 'amd64', os.version: '10.0', java.version: '1.8.0_202'
                        Driver info: org.openqa.selenium.chrome.ChromeDriver
                        Command: [null, newSession {capabilities=[Capabilities {browserName: chrome, goog:chromeOptions: {args: [--remote-allow-origins=*],
                        extensions: []}}], desiredCapabilities=Capabilities {browserName: chrome, goog:chromeOptions: {args: [--remote-allow-origins=*],
                        extensions: []}}}]
                        at org.openqa.selenium.remote.ProtocolHandshake.createSession(ProtocolHandshake.java:148)
                        at org.openqa.selenium.remote.ProtocolHandshake.createSession(ProtocolHandshake.java:106)
                        at org.openqa.selenium.remote.ProtocolHandshake.createSession(ProtocolHandshake.java:67)
                        at org.openqa.selenium.remote.HttpCommandExecutor.execute(HttpCommandExecutor.java:156)
                        at org.openqa.selenium.remote.service.DriverCommandExecutor.invokeExecute(DriverCommandExecutor.java:167)
                        at org.openqa.selenium.remote.service.DriverCommandExecutor.execute(DriverCommandExecutor.java:142)
                        at org.openqa.selenium.remote.RemoteWebDriver.execute(RemoteWebDriver.java:535)
                        at org.openqa.selenium.remote.RemoteWebDriver.startSession(RemoteWebDriver.java:228)
                        at org.openqa.selenium.remote.RemoteWebDriver.&lt;init&gt;(RemoteWebDriver.java:156)
                        at org.openqa.selenium.chromium.ChromiumDriver.&lt;init&gt;(ChromiumDriver.java:101)
                        at org.openqa.selenium.chrome.ChromeDriver.&lt;init&gt;(ChromeDriver.java:82)
                        at org.openqa.selenium.chrome.ChromeDriver.&lt;init&gt;(ChromeDriver.java:71)
                        at testngpkg.ClassTestng.setup(ClassTestng.java:76)
                        at sun.reflect.NativeMethodAccessorImpl.invoke0(Native Method)
                        at sun.reflect.NativeMethodAccessorImpl.invoke(NativeMethodAccessorImpl.java:62)
                        at sun.reflect.DelegatingMethodAccessorImpl.invoke(DelegatingMethodAccessorImpl.java:43)
                        at java.lang.reflect.Method.invoke(Method.java:498)
                        at org.testng.internal.MethodInvocationHelper.invokeMethod(MethodInvocationHelper.java:133)
                        at org.testng.internal.MethodInvocationHelper.invokeMethodConsideringTimeout(MethodInvocationHelper.java:62)
                        at org.testng.internal.ConfigInvoker.invokeConfigurationMethod(ConfigInvoker.java:385)
                        at org.testng.internal.ConfigInvoker.invokeConfigurations(ConfigInvoker.java:321)
                        at org.testng.TestRunner.invokeTestConfigurations(TestRunner.java:637)
                        at org.testng.TestRunner.beforeRun(TestRunner.java:627)
                        at org.testng.TestRunner.run(TestRunner.java:589)
                        at org.testng.SuiteRunner.runTest(SuiteRunner.java:377)
                        at org.testng.SuiteRunner.runSequentially(SuiteRunner.java:371)
                        at org.testng.SuiteRunner.privateRun(SuiteRunner.java:332)
                        at org.testng.SuiteRunner.run(SuiteRunner.java:276)
                        at org.testng.SuiteRunnerWorker.runSuite(SuiteRunnerWorker.java:53)
                        at org.testng.SuiteRunnerWorker.run(SuiteRunnerWorker.java:96)
                        at org.testng.TestNG.runSuitesSequentially(TestNG.java:1212)
                        at org.testng.TestNG.runSuitesLocally(TestNG.java:1134)
                        at org.testng.TestNG.runSuites(TestNG.java:1063)
                        at org.testng.TestNG.run(TestNG.java:1031)
                        at org.testng.remote.AbstractRemoteTestNG.run(AbstractRemoteTestNG.java:115)
                        at org.testng.remote.RemoteTestNG.initAndRun(RemoteTestNG.java:251)
                        at org.testng.remote.RemoteTestNG.main(RemoteTestNG.java:77)
                     </pre>
                  </div>
               </td>
            </tr>
            <tr id="testngpkg.ClassTestng_fail_byClass_SKIP5_row" class="testMethodStatusSKIP">
               <td width="100%" class="firstMethodCell">
                  <a onclick="toggleDetailsVisibility('testngpkg.ClassTestng_fail_byClass_SKIP5_details')">fail()</a>
               </td>
               <td nowrap="true">16:18:21</td>
               <td nowrap="true" align="right">0 ms
                  
               </td>
               <td nowrap="true">
                  <a onclick="toggleDetailsVisibility('testngpkg.ClassTestng_fail_byClass_SKIP5_exception')">org.openqa.selenium.SessionNotCreatedException: 
                     Could not start a new session. Response code 500. Message: session not created: This version of ChromeDriver only supports
                     Chrome version 114
                     Current browser version is 127.0.6533.100 with binary path C:\Program Files\Google\Chrome\Application\chrome.exe 
                     Host info: host: 'SANTOSHI', ip: '192.168.31.22'
                     Build info: version: '4.7.2', revision: '4d4020c3b7'
                     System info: os.name: 'Windows 10', os.arch: 'amd64', os.version: '10.0', java.version: '1.8.0_202'
                     Driver info: org.openqa.selenium.chrome.ChromeDriver
                     Command: [null, newSession {capabilities=[Capabilities {browserName: chrome, goog:chromeOptions: {args: [--remote-allow-origins=*],
                     extensions: []}}], desiredCapabilities=Capabilities {browserName: chrome, goog:chromeOptions: {args: [--remote-allow-origins=*],
                     extensions: []}}}]
                     
                  </a>
                   
                  
               </td>
            </tr>
            <tr>
               <td colspan="4" class="detailsBox">
                  <div id="testngpkg.ClassTestng_fail_byClass_SKIP5_details" class="testMethodDetails">
                     <div>
                        <b>Name: </b>fail
                     </div>
                     <div>
                        <b>Signature: </b>fail()[pri:4, instance:testngpkg.ClassTestng@544a2ea6]
                     </div>
                     <div>
                        <b>Start time: </b>16:18:21
                     </div>
                     <div>
                        <b>End time: </b>16:18:21
                     </div>
                     <div>
                        <b>Duration: </b>0 ms
                        
                     </div>
                  </div>
               </td>
            </tr>
            <tr>
               <td colspan="4" class="detailsBox">
                  <div id="testngpkg.ClassTestng_fail_byClass_SKIP5_exception"
                       class="testMethodDetails">
                     <pre style="padding: 5px; margin: 0;">org.openqa.selenium.SessionNotCreatedException: Could not start a new session. Response code 500. Message: session not created:
                        This version of ChromeDriver only supports Chrome version 114
                        Current browser version is 127.0.6533.100 with binary path C:\Program Files\Google\Chrome\Application\chrome.exe 
                        Host info: host: 'SANTOSHI', ip: '192.168.31.22'
                        Build info: version: '4.7.2', revision: '4d4020c3b7'
                        System info: os.name: 'Windows 10', os.arch: 'amd64', os.version: '10.0', java.version: '1.8.0_202'
                        Driver info: org.openqa.selenium.chrome.ChromeDriver
                        Command: [null, newSession {capabilities=[Capabilities {browserName: chrome, goog:chromeOptions: {args: [--remote-allow-origins=*],
                        extensions: []}}], desiredCapabilities=Capabilities {browserName: chrome, goog:chromeOptions: {args: [--remote-allow-origins=*],
                        extensions: []}}}]
                        at org.openqa.selenium.remote.ProtocolHandshake.createSession(ProtocolHandshake.java:148)
                        at org.openqa.selenium.remote.ProtocolHandshake.createSession(ProtocolHandshake.java:106)
                        at org.openqa.selenium.remote.ProtocolHandshake.createSession(ProtocolHandshake.java:67)
                        at org.openqa.selenium.remote.HttpCommandExecutor.execute(HttpCommandExecutor.java:156)
                        at org.openqa.selenium.remote.service.DriverCommandExecutor.invokeExecute(DriverCommandExecutor.java:167)
                        at org.openqa.selenium.remote.service.DriverCommandExecutor.execute(DriverCommandExecutor.java:142)
                        at org.openqa.selenium.remote.RemoteWebDriver.execute(RemoteWebDriver.java:535)
                        at org.openqa.selenium.remote.RemoteWebDriver.startSession(RemoteWebDriver.java:228)
                        at org.openqa.selenium.remote.RemoteWebDriver.&lt;init&gt;(RemoteWebDriver.java:156)
                        at org.openqa.selenium.chromium.ChromiumDriver.&lt;init&gt;(ChromiumDriver.java:101)
                        at org.openqa.selenium.chrome.ChromeDriver.&lt;init&gt;(ChromeDriver.java:82)
                        at org.openqa.selenium.chrome.ChromeDriver.&lt;init&gt;(ChromeDriver.java:71)
                        at testngpkg.ClassTestng.setup(ClassTestng.java:76)
                        at sun.reflect.NativeMethodAccessorImpl.invoke0(Native Method)
                        at sun.reflect.NativeMethodAccessorImpl.invoke(NativeMethodAccessorImpl.java:62)
                        at sun.reflect.DelegatingMethodAccessorImpl.invoke(DelegatingMethodAccessorImpl.java:43)
                        at java.lang.reflect.Method.invoke(Method.java:498)
                        at org.testng.internal.MethodInvocationHelper.invokeMethod(MethodInvocationHelper.java:133)
                        at org.testng.internal.MethodInvocationHelper.invokeMethodConsideringTimeout(MethodInvocationHelper.java:62)
                        at org.testng.internal.ConfigInvoker.invokeConfigurationMethod(ConfigInvoker.java:385)
                        at org.testng.internal.ConfigInvoker.invokeConfigurations(ConfigInvoker.java:321)
                        at org.testng.TestRunner.invokeTestConfigurations(TestRunner.java:637)
                        at org.testng.TestRunner.beforeRun(TestRunner.java:627)
                        at org.testng.TestRunner.run(TestRunner.java:589)
                        at org.testng.SuiteRunner.runTest(SuiteRunner.java:377)
                        at org.testng.SuiteRunner.runSequentially(SuiteRunner.java:371)
                        at org.testng.SuiteRunner.privateRun(SuiteRunner.java:332)
                        at org.testng.SuiteRunner.run(SuiteRunner.java:276)
                        at org.testng.SuiteRunnerWorker.runSuite(SuiteRunnerWorker.java:53)
                        at org.testng.SuiteRunnerWorker.run(SuiteRunnerWorker.java:96)
                        at org.testng.TestNG.runSuitesSequentially(TestNG.java:1212)
                        at org.testng.TestNG.runSuitesLocally(TestNG.java:1134)
                        at org.testng.TestNG.runSuites(TestNG.java:1063)
                        at org.testng.TestNG.run(TestNG.java:1031)
                        at org.testng.remote.AbstractRemoteTestNG.run(AbstractRemoteTestNG.java:115)
                        at org.testng.remote.RemoteTestNG.initAndRun(RemoteTestNG.java:251)
                        at org.testng.remote.RemoteTestNG.main(RemoteTestNG.java:77)
                     </pre>
                  </div>
               </td>
            </tr>
            <tr id="testngpkg.ClassTestng_link_byClass_SKIP6_row"
                class="testMethodStatusSKIP testMethodStatusCONF">
               <td width="100%" class="firstMethodCell">
                  <a onclick="toggleDetailsVisibility('testngpkg.ClassTestng_link_byClass_SKIP6_details')">link()</a>
               </td>
               <td nowrap="true">16:18:21</td>
               <td nowrap="true" align="right">-1723286901495 ms
                  
               </td>
               <td nowrap="true">
                   
                  
               </td>
            </tr>
            <tr>
               <td colspan="4" class="detailsBox">
                  <div id="testngpkg.ClassTestng_link_byClass_SKIP6_details" class="testMethodDetails">
                     <div>
                        <b>Name: </b>link
                     </div>
                     <div>
                        <b>Signature: </b>link()[pri:0, instance:testngpkg.ClassTestng@544a2ea6]
                     </div>
                     <div>
                        <b>Start time: </b>16:18:21
                     </div>
                     <div>
                        <b>End time: </b>05:30:00
                     </div>
                     <div>
                        <b>Duration: </b>-1723286901495 ms
                        
                     </div>
                  </div>
               </td>
            </tr>
            <tr></tr>
         </table>
         <br></br>
      </div>
      <div style="margin-top: 15px; color: gray; text-align: center; font-size: 9px;">
         Generated with
         
         <a href="http://code.google.com/p/testng-xslt/" style="color: #8888aa;"
            target="_blank">
            TestNG XSLT
            
         </a>
      </div>
   </body>
</html>